Using pre-set license
Built from '2020.2/release' branch; Version is '2020.2.1f1 (270dd8c3da1c) revision 2559448'; Using compiler version '192528614'; Build Type 'Release'
OS: 'Windows 10  (10.0.0) 64bit' Language: 'ru' Physical Memory: 16269 MB
BatchMode: 1, IsHumanControllingUs: 0, StartBugReporterOnCrash: 0, Is64bit: 1, IsPro: 0

 COMMAND LINE ARGUMENTS:
D:\Unity\2020.2.1f1\Editor\Unity.exe
-adb2
-batchMode
-noUpm
-name
AssetImportWorker0
-projectPath
D:/Projects/Rescues/Rescues/Rescues
-logFile
Logs/AssetImportWorker0.log
-srvPort
<<<<<<< Updated upstream
62584
Successfully changed project path to: C:/Users/User/Documents/Rescues/Rescues
C:/Users/User/Documents/Rescues/Rescues
Using Asset Import Pipeline V2.
Refreshing native plugins compatible for Editor in 29.86 ms, found 0 plugins.
=======
50511
Successfully changed project path to: D:/Projects/Rescues/Rescues/Rescues
D:/Projects/Rescues/Rescues/Rescues
Using Asset Import Pipeline V2.
Refreshing native plugins compatible for Editor in 49.55 ms, found 0 plugins.
>>>>>>> Stashed changes
Preloading 0 native plugins for Editor in 0.00 ms.
Initialize engine version: 2020.2.1f1 (270dd8c3da1c)
[Subsystems] Discovering subsystems at path D:/Unity/2020.2.1f1/Editor/Data/Resources/UnitySubsystems
[Subsystems] Discovering subsystems at path D:/Projects/Rescues/Rescues/Rescues/Assets
GfxDevice: creating device client; threaded=0
Direct3D:
    Version:  Direct3D 11.0 [level 11.1]
    Renderer: NVIDIA GeForce GTX 1050 (ID=0x1c8d)
    Vendor:   
    VRAM:     4021 MB
    Driver:   27.21.14.6627
Initialize mono
<<<<<<< Updated upstream
Mono path[0] = 'C:/Program Files/Unity/Hub/Editor/2020.2.1f1/Editor/Data/Managed'
Mono path[1] = 'C:/Program Files/Unity/Hub/Editor/2020.2.1f1/Editor/Data/MonoBleedingEdge/lib/mono/unityjit'
Mono config path = 'C:/Program Files/Unity/Hub/Editor/2020.2.1f1/Editor/Data/MonoBleedingEdge/etc'
Using monoOptions --debugger-agent=transport=dt_socket,embedding=1,server=y,suspend=n,address=127.0.0.1:56180
Begin MonoManager ReloadAssembly
Registering precompiled unity dll's ...
Register platform support module: C:/Program Files/Unity/Hub/Editor/2020.2.1f1/Editor/Data/PlaybackEngines/WindowsStandaloneSupport/UnityEditor.WindowsStandalone.Extensions.dll
Registered in 0.001423 seconds.
Native extension for WindowsStandalone target not found
Refreshing native plugins compatible for Editor in 26.69 ms, found 0 plugins.
=======
Mono path[0] = 'D:/Unity/2020.2.1f1/Editor/Data/Managed'
Mono path[1] = 'D:/Unity/2020.2.1f1/Editor/Data/MonoBleedingEdge/lib/mono/unityjit'
Mono config path = 'D:/Unity/2020.2.1f1/Editor/Data/MonoBleedingEdge/etc'
Using monoOptions --debugger-agent=transport=dt_socket,embedding=1,server=y,suspend=n,address=127.0.0.1:56636
Begin MonoManager ReloadAssembly
Registering precompiled unity dll's ...
Register platform support module: D:/Unity/2020.2.1f1/Editor/Data/PlaybackEngines/WindowsStandaloneSupport/UnityEditor.WindowsStandalone.Extensions.dll
Registered in 0.004129 seconds.
Native extension for WindowsStandalone target not found
Refreshing native plugins compatible for Editor in 47.87 ms, found 0 plugins.
>>>>>>> Stashed changes
Preloading 0 native plugins for Editor in 0.00 ms.
Invoked RoslynAnalysisRunner static constructor.
RoslynAnalysisRunner will not be running.
RoslynAnalysisRunner has terminated.
Mono: successfully reloaded assembly
<<<<<<< Updated upstream
- Completed reload, in  1.068 seconds
Platform modules already initialized, skipping
Registering precompiled user dll's ...
Registered in 0.001234 seconds.
Begin MonoManager ReloadAssembly
Native extension for WindowsStandalone target not found
Refreshing native plugins compatible for Editor in 0.26 ms, found 0 plugins.
=======
- Completed reload, in  5.210 seconds
Platform modules already initialized, skipping
Registering precompiled user dll's ...
Registered in 0.002982 seconds.
Begin MonoManager ReloadAssembly
Native extension for WindowsStandalone target not found
Refreshing native plugins compatible for Editor in 1.34 ms, found 0 plugins.
>>>>>>> Stashed changes
Preloading 0 native plugins for Editor in 0.00 ms.
Invoked RoslynAnalysisRunner static constructor.
RoslynAnalysisRunner will not be running.
RoslynAnalysisRunner has terminated.
Mono: successfully reloaded assembly
<<<<<<< Updated upstream
- Completed reload, in  0.783 seconds
=======
- Completed reload, in  1.990 seconds
>>>>>>> Stashed changes
Platform modules already initialized, skipping
========================================================================
Worker process is ready to serve import requests
Launched and connected shader compiler UnityShaderCompiler.exe after 0.06 seconds
<<<<<<< Updated upstream
Refreshing native plugins compatible for Editor in 0.38 ms, found 0 plugins.
Preloading 0 native plugins for Editor in 0.00 ms.
Unloading 1405 Unused Serialized files (Serialized files now loaded: 0)
System memory in use before: 65.2 MB.
System memory in use after: 65.3 MB.

Unloading 15 unused Assets to reduce memory usage. Loaded Objects now: 1856.
Total: 2.602900 ms (FindLiveObjects: 0.472800 ms CreateObjectMapping: 0.091200 ms MarkObjects: 1.942100 ms  DeleteObjects: 0.094600 ms)

========================================================================
Received Import Request.
  path: Assets/Resources/Prefabs/Player
  artifactKey: Guid(ed506498a688c794bb88b5ed02f26950) Importer(815301076,1909f56bfc062723c751e8b465ee728b)
Start importing Assets/Resources/Prefabs/Player using Guid(ed506498a688c794bb88b5ed02f26950) Importer(815301076,1909f56bfc062723c751e8b465ee728b)  -> (artifact id: '2ba46daaea09dae12edfc685144f64b7') in 0.007898 seconds
  Import took 0.011869 seconds .

========================================================================
Received Import Request.
  Time since last request: 0.000434 seconds.
  path: Assets/Scripts/Prototypes/PrototypePlayerActivator.cs
  artifactKey: Guid(70b26e4923fb5c04bb1be5dae9fbdf62) Importer(815301076,1909f56bfc062723c751e8b465ee728b)
Start importing Assets/Scripts/Prototypes/PrototypePlayerActivator.cs using Guid(70b26e4923fb5c04bb1be5dae9fbdf62) Importer(815301076,1909f56bfc062723c751e8b465ee728b)  -> (artifact id: '66a51e9c556ed555ed7c7d251bd5e53c') in 0.060859 seconds
  Import took 0.063776 seconds .

========================================================================
Received Prepare
Refreshing native plugins compatible for Editor in 0.88 ms, found 0 plugins.
Preloading 0 native plugins for Editor in 0.00 ms.
Unloading 5 Unused Serialized files (Serialized files now loaded: 0)
System memory in use before: 37.5 MB.
System memory in use after: 37.6 MB.

Unloading 4 unused Assets to reduce memory usage. Loaded Objects now: 1856.
Total: 1.686500 ms (FindLiveObjects: 0.137700 ms CreateObjectMapping: 0.045200 ms MarkObjects: 1.490200 ms  DeleteObjects: 0.012200 ms)

========================================================================
Received Prepare
Registering precompiled user dll's ...
Registered in 0.001715 seconds.
Begin MonoManager ReloadAssembly
Native extension for WindowsStandalone target not found
Refreshing native plugins compatible for Editor in 0.28 ms, found 0 plugins.
Preloading 0 native plugins for Editor in 0.00 ms.
Invoked RoslynAnalysisRunner static constructor.
RoslynAnalysisRunner will not be running.
RoslynAnalysisRunner has terminated.
Mono: successfully reloaded assembly
- Completed reload, in  0.685 seconds
Platform modules already initialized, skipping
Refreshing native plugins compatible for Editor in 0.29 ms, found 0 plugins.
Preloading 0 native plugins for Editor in 0.00 ms.
Unloading 1399 Unused Serialized files (Serialized files now loaded: 0)
System memory in use before: 65.4 MB.
System memory in use after: 65.5 MB.

Unloading 6 unused Assets to reduce memory usage. Loaded Objects now: 1858.
Total: 1.424600 ms (FindLiveObjects: 0.151000 ms CreateObjectMapping: 0.039400 ms MarkObjects: 1.222600 ms  DeleteObjects: 0.010900 ms)

========================================================================
Received Prepare
Registering precompiled user dll's ...
Registered in 0.001123 seconds.
Begin MonoManager ReloadAssembly
Native extension for WindowsStandalone target not found
Refreshing native plugins compatible for Editor in 0.27 ms, found 0 plugins.
Preloading 0 native plugins for Editor in 0.00 ms.
Invoked RoslynAnalysisRunner static constructor.
RoslynAnalysisRunner will not be running.
RoslynAnalysisRunner has terminated.
Mono: successfully reloaded assembly
- Completed reload, in  0.672 seconds
Platform modules already initialized, skipping
Refreshing native plugins compatible for Editor in 0.33 ms, found 0 plugins.
Preloading 0 native plugins for Editor in 0.00 ms.
Unloading 1399 Unused Serialized files (Serialized files now loaded: 0)
System memory in use before: 65.6 MB.
System memory in use after: 65.7 MB.

Unloading 6 unused Assets to reduce memory usage. Loaded Objects now: 1860.
Total: 2.574900 ms (FindLiveObjects: 0.410600 ms CreateObjectMapping: 0.144400 ms MarkObjects: 1.991100 ms  DeleteObjects: 0.026800 ms)

========================================================================
Received Prepare
Registering precompiled user dll's ...
Registered in 0.002185 seconds.
Begin MonoManager ReloadAssembly
Native extension for WindowsStandalone target not found
Refreshing native plugins compatible for Editor in 0.30 ms, found 0 plugins.
Preloading 0 native plugins for Editor in 0.00 ms.
Invoked RoslynAnalysisRunner static constructor.
RoslynAnalysisRunner will not be running.
RoslynAnalysisRunner has terminated.
Mono: successfully reloaded assembly
- Completed reload, in  0.677 seconds
Platform modules already initialized, skipping
Refreshing native plugins compatible for Editor in 0.25 ms, found 0 plugins.
Preloading 0 native plugins for Editor in 0.00 ms.
Unloading 1399 Unused Serialized files (Serialized files now loaded: 0)
System memory in use before: 65.8 MB.
System memory in use after: 65.9 MB.

Unloading 6 unused Assets to reduce memory usage. Loaded Objects now: 1862.
Total: 1.769700 ms (FindLiveObjects: 0.151400 ms CreateObjectMapping: 0.042000 ms MarkObjects: 1.558700 ms  DeleteObjects: 0.016400 ms)

========================================================================
Received Prepare
Registering precompiled user dll's ...
Registered in 0.001299 seconds.
Begin MonoManager ReloadAssembly
Native extension for WindowsStandalone target not found
Refreshing native plugins compatible for Editor in 0.30 ms, found 0 plugins.
Preloading 0 native plugins for Editor in 0.00 ms.
Invoked RoslynAnalysisRunner static constructor.
RoslynAnalysisRunner will not be running.
RoslynAnalysisRunner has terminated.
Mono: successfully reloaded assembly
- Completed reload, in  0.632 seconds
Platform modules already initialized, skipping
Refreshing native plugins compatible for Editor in 0.27 ms, found 0 plugins.
Preloading 0 native plugins for Editor in 0.00 ms.
Unloading 1399 Unused Serialized files (Serialized files now loaded: 0)
System memory in use before: 66.0 MB.
System memory in use after: 66.1 MB.

Unloading 6 unused Assets to reduce memory usage. Loaded Objects now: 1864.
Total: 1.285200 ms (FindLiveObjects: 0.148300 ms CreateObjectMapping: 0.046400 ms MarkObjects: 1.079100 ms  DeleteObjects: 0.010400 ms)

========================================================================
Received Prepare
Registering precompiled user dll's ...
Registered in 0.001560 seconds.
Begin MonoManager ReloadAssembly
Native extension for WindowsStandalone target not found
Refreshing native plugins compatible for Editor in 0.27 ms, found 0 plugins.
Preloading 0 native plugins for Editor in 0.00 ms.
Invoked RoslynAnalysisRunner static constructor.
RoslynAnalysisRunner will not be running.
RoslynAnalysisRunner has terminated.
Mono: successfully reloaded assembly
- Completed reload, in  0.668 seconds
Platform modules already initialized, skipping
Refreshing native plugins compatible for Editor in 0.54 ms, found 0 plugins.
Preloading 0 native plugins for Editor in 0.00 ms.
Unloading 1399 Unused Serialized files (Serialized files now loaded: 0)
System memory in use before: 66.0 MB.
System memory in use after: 66.1 MB.

Unloading 6 unused Assets to reduce memory usage. Loaded Objects now: 1866.
Total: 1.444600 ms (FindLiveObjects: 0.123900 ms CreateObjectMapping: 0.040300 ms MarkObjects: 1.267500 ms  DeleteObjects: 0.012200 ms)

========================================================================
Received Prepare
Registering precompiled user dll's ...
Registered in 0.001623 seconds.
Begin MonoManager ReloadAssembly
Native extension for WindowsStandalone target not found
Refreshing native plugins compatible for Editor in 0.35 ms, found 0 plugins.
Preloading 0 native plugins for Editor in 0.00 ms.
Invoked RoslynAnalysisRunner static constructor.
RoslynAnalysisRunner will not be running.
RoslynAnalysisRunner has terminated.
Mono: successfully reloaded assembly
- Completed reload, in  0.674 seconds
Platform modules already initialized, skipping
Refreshing native plugins compatible for Editor in 0.42 ms, found 0 plugins.
Preloading 0 native plugins for Editor in 0.00 ms.
Unloading 1399 Unused Serialized files (Serialized files now loaded: 0)
System memory in use before: 66.3 MB.
System memory in use after: 66.4 MB.

Unloading 6 unused Assets to reduce memory usage. Loaded Objects now: 1868.
Total: 1.481300 ms (FindLiveObjects: 0.164400 ms CreateObjectMapping: 0.050300 ms MarkObjects: 1.254900 ms  DeleteObjects: 0.010800 ms)

========================================================================
Received Import Request.
  Time since last request: 584.977020 seconds.
  path: Assets/Resources/Prefabs/Locations/Hotel/Current version/Reception.prefab
  artifactKey: Guid(e393a2398a0ac4e4da2abf65c1bf6d6d) Importer(815301076,1909f56bfc062723c751e8b465ee728b)
Start importing Assets/Resources/Prefabs/Locations/Hotel/Current version/Reception.prefab using Guid(e393a2398a0ac4e4da2abf65c1bf6d6d) Importer(815301076,1909f56bfc062723c751e8b465ee728b)  -> (artifact id: 'b8a8198353d16e754f4fda731e89ab6a') in 0.208767 seconds
  Import took 0.214824 seconds .

========================================================================
Received Import Request.
  Time since last request: 3.150441 seconds.
  path: Assets/Resources/Prefabs/Locations/Hotel/Current version/Reception.prefab
  artifactKey: Guid(e393a2398a0ac4e4da2abf65c1bf6d6d) Importer(815301076,1909f56bfc062723c751e8b465ee728b)
Start importing Assets/Resources/Prefabs/Locations/Hotel/Current version/Reception.prefab using Guid(e393a2398a0ac4e4da2abf65c1bf6d6d) Importer(815301076,1909f56bfc062723c751e8b465ee728b)  -> (artifact id: '0ac042cea35685e21c0ed74e866a6382') in 0.064117 seconds
  Import took 0.088826 seconds .

========================================================================
Received Import Request.
  Time since last request: 5.945791 seconds.
  path: Assets/Resources/Prefabs/Locations/Hotel/Current version/Reception.prefab
  artifactKey: Guid(e393a2398a0ac4e4da2abf65c1bf6d6d) Importer(815301076,1909f56bfc062723c751e8b465ee728b)
Start importing Assets/Resources/Prefabs/Locations/Hotel/Current version/Reception.prefab using Guid(e393a2398a0ac4e4da2abf65c1bf6d6d) Importer(815301076,1909f56bfc062723c751e8b465ee728b)  -> (artifact id: 'f7ff83a0cd7508ea89456024e0460e18') in 0.048445 seconds
  Import took 0.085590 seconds .

========================================================================
Received Import Request.
  Time since last request: 1.327561 seconds.
  path: Assets/Resources/Prefabs/Locations/Hotel/Current version/Reception.prefab
  artifactKey: Guid(e393a2398a0ac4e4da2abf65c1bf6d6d) Importer(815301076,1909f56bfc062723c751e8b465ee728b)
Start importing Assets/Resources/Prefabs/Locations/Hotel/Current version/Reception.prefab using Guid(e393a2398a0ac4e4da2abf65c1bf6d6d) Importer(815301076,1909f56bfc062723c751e8b465ee728b)  -> (artifact id: 'ac90cd6c673bc79fc3cc21e16eaa0742') in 0.057009 seconds
  Import took 0.063032 seconds .

========================================================================
Received Prepare
Registering precompiled user dll's ...
Registered in 0.002148 seconds.
Begin MonoManager ReloadAssembly
Native extension for WindowsStandalone target not found
Refreshing native plugins compatible for Editor in 0.24 ms, found 0 plugins.
Preloading 0 native plugins for Editor in 0.00 ms.
Invoked RoslynAnalysisRunner static constructor.
RoslynAnalysisRunner will not be running.
RoslynAnalysisRunner has terminated.
Mono: successfully reloaded assembly
- Completed reload, in  0.809 seconds
Platform modules already initialized, skipping
Refreshing native plugins compatible for Editor in 0.23 ms, found 0 plugins.
Preloading 0 native plugins for Editor in 0.00 ms.
Unloading 1399 Unused Serialized files (Serialized files now loaded: 0)
System memory in use before: 69.7 MB.
System memory in use after: 69.8 MB.

Unloading 6 unused Assets to reduce memory usage. Loaded Objects now: 1877.
Total: 1.419100 ms (FindLiveObjects: 0.162700 ms CreateObjectMapping: 0.046200 ms MarkObjects: 1.181000 ms  DeleteObjects: 0.028400 ms)
=======
Refreshing native plugins compatible for Editor in 0.36 ms, found 0 plugins.
Preloading 0 native plugins for Editor in 0.00 ms.
Unloading 1405 Unused Serialized files (Serialized files now loaded: 0)
System memory in use before: 64.8 MB.
System memory in use after: 64.8 MB.

Unloading 15 unused Assets to reduce memory usage. Loaded Objects now: 1854.
Total: 4.312600 ms (FindLiveObjects: 1.396700 ms CreateObjectMapping: 0.212000 ms MarkObjects: 2.602500 ms  DeleteObjects: 0.095800 ms)

========================================================================
Received Import Request.
  path: Assets/Resources/Prefabs/Locations/Hotel/Current version/Reception.prefab
  artifactKey: Guid(e393a2398a0ac4e4da2abf65c1bf6d6d) Importer(815301076,1909f56bfc062723c751e8b465ee728b)
Start importing Assets/Resources/Prefabs/Locations/Hotel/Current version/Reception.prefab using Guid(e393a2398a0ac4e4da2abf65c1bf6d6d) Importer(815301076,1909f56bfc062723c751e8b465ee728b)  -> (artifact id: '280a42751c02326bc5cda738bd481da9') in 0.413209 seconds
  Import took 0.432334 seconds .

========================================================================
Received Import Request.
  Time since last request: 274.908432 seconds.
  path: Assets/Resources/Data/StandItems/Item1.asset
  artifactKey: Guid(edbe43c2034100944b8ee48ff6dff27b) Importer(815301076,1909f56bfc062723c751e8b465ee728b)
Start importing Assets/Resources/Data/StandItems/Item1.asset using Guid(edbe43c2034100944b8ee48ff6dff27b) Importer(815301076,1909f56bfc062723c751e8b465ee728b)  -> (artifact id: '1a673b6855af066739fb175cf79c45f0') in 0.014155 seconds
  Import took 0.020295 seconds .

========================================================================
Received Import Request.
  Time since last request: 0.000363 seconds.
  path: Assets/Resources/Data/StandItems/Item2.asset
  artifactKey: Guid(d53318ca44c2b6c4593c258f0860a6f2) Importer(815301076,1909f56bfc062723c751e8b465ee728b)
Start importing Assets/Resources/Data/StandItems/Item2.asset using Guid(d53318ca44c2b6c4593c258f0860a6f2) Importer(815301076,1909f56bfc062723c751e8b465ee728b)  -> (artifact id: '60bc71ec521dbfa4ff4e0f21adf64d9d') in 0.037356 seconds
  Import took 0.049447 seconds .

========================================================================
Received Import Request.
  Time since last request: 0.009047 seconds.
  path: Assets/Resources/Data/StandItems/Item1.asset
  artifactKey: Guid(edbe43c2034100944b8ee48ff6dff27b) Importer(815301076,1909f56bfc062723c751e8b465ee728b)
Start importing Assets/Resources/Data/StandItems/Item1.asset using Guid(edbe43c2034100944b8ee48ff6dff27b) Importer(815301076,1909f56bfc062723c751e8b465ee728b)  -> (artifact id: '1a673b6855af066739fb175cf79c45f0') in 0.004770 seconds
  Import took 0.009522 seconds .

========================================================================
Received Import Request.
  Time since last request: 0.010174 seconds.
  path: Assets/Resources/Data/StandItems/Item2.asset
  artifactKey: Guid(d53318ca44c2b6c4593c258f0860a6f2) Importer(815301076,1909f56bfc062723c751e8b465ee728b)
Start importing Assets/Resources/Data/StandItems/Item2.asset using Guid(d53318ca44c2b6c4593c258f0860a6f2) Importer(815301076,1909f56bfc062723c751e8b465ee728b)  -> (artifact id: '60bc71ec521dbfa4ff4e0f21adf64d9d') in 0.011088 seconds
  Import took 0.016897 seconds .
>>>>>>> Stashed changes

========================================================================
Received Prepare
Registering precompiled user dll's ...
<<<<<<< Updated upstream
Registered in 0.001323 seconds.
Begin MonoManager ReloadAssembly
Native extension for WindowsStandalone target not found
Refreshing native plugins compatible for Editor in 0.82 ms, found 0 plugins.
=======
Registered in 0.002812 seconds.
Begin MonoManager ReloadAssembly
Native extension for WindowsStandalone target not found
Refreshing native plugins compatible for Editor in 0.45 ms, found 0 plugins.
>>>>>>> Stashed changes
Preloading 0 native plugins for Editor in 0.00 ms.
Invoked RoslynAnalysisRunner static constructor.
RoslynAnalysisRunner will not be running.
RoslynAnalysisRunner has terminated.
Mono: successfully reloaded assembly
<<<<<<< Updated upstream
- Completed reload, in  0.731 seconds
=======
- Completed reload, in  1.451 seconds
>>>>>>> Stashed changes
Platform modules already initialized, skipping
Refreshing native plugins compatible for Editor in 0.53 ms, found 0 plugins.
Preloading 0 native plugins for Editor in 0.00 ms.
<<<<<<< Updated upstream
Unloading 1399 Unused Serialized files (Serialized files now loaded: 0)
System memory in use before: 69.8 MB.
System memory in use after: 69.9 MB.

Unloading 6 unused Assets to reduce memory usage. Loaded Objects now: 1879.
Total: 11.480300 ms (FindLiveObjects: 1.879500 ms CreateObjectMapping: 0.138600 ms MarkObjects: 9.431300 ms  DeleteObjects: 0.029100 ms)

========================================================================
Received Prepare
Registering precompiled user dll's ...
Registered in 0.002038 seconds.
Begin MonoManager ReloadAssembly
Native extension for WindowsStandalone target not found
Refreshing native plugins compatible for Editor in 0.53 ms, found 0 plugins.
Preloading 0 native plugins for Editor in 0.00 ms.
Invoked RoslynAnalysisRunner static constructor.
RoslynAnalysisRunner will not be running.
RoslynAnalysisRunner has terminated.
Mono: successfully reloaded assembly
- Completed reload, in  0.909 seconds
Platform modules already initialized, skipping
Refreshing native plugins compatible for Editor in 0.30 ms, found 0 plugins.
Preloading 0 native plugins for Editor in 0.00 ms.
Unloading 1399 Unused Serialized files (Serialized files now loaded: 0)
System memory in use before: 70.0 MB.
System memory in use after: 70.1 MB.

Unloading 6 unused Assets to reduce memory usage. Loaded Objects now: 1881.
Total: 2.192400 ms (FindLiveObjects: 0.376100 ms CreateObjectMapping: 0.130900 ms MarkObjects: 1.658800 ms  DeleteObjects: 0.025500 ms)

========================================================================
Received Prepare
Registering precompiled user dll's ...
Registered in 0.001422 seconds.
Begin MonoManager ReloadAssembly
Native extension for WindowsStandalone target not found
Refreshing native plugins compatible for Editor in 0.28 ms, found 0 plugins.
Preloading 0 native plugins for Editor in 0.00 ms.
Invoked RoslynAnalysisRunner static constructor.
RoslynAnalysisRunner will not be running.
RoslynAnalysisRunner has terminated.
Mono: successfully reloaded assembly
- Completed reload, in  0.863 seconds
Platform modules already initialized, skipping
Refreshing native plugins compatible for Editor in 0.27 ms, found 0 plugins.
Preloading 0 native plugins for Editor in 0.00 ms.
Unloading 1399 Unused Serialized files (Serialized files now loaded: 0)
System memory in use before: 70.2 MB.
System memory in use after: 70.3 MB.

Unloading 6 unused Assets to reduce memory usage. Loaded Objects now: 1883.
Total: 8.210900 ms (FindLiveObjects: 0.944300 ms CreateObjectMapping: 1.143400 ms MarkObjects: 6.057000 ms  DeleteObjects: 0.064000 ms)

========================================================================
Received Import Request.
  Time since last request: 9515.865738 seconds.
  path: Assets/Scenes/HotelScene.unity
  artifactKey: Guid(7d3684f140d9630448ec5476a4eaee33) Importer(815301076,1909f56bfc062723c751e8b465ee728b)
Start importing Assets/Scenes/HotelScene.unity using Guid(7d3684f140d9630448ec5476a4eaee33) Importer(815301076,1909f56bfc062723c751e8b465ee728b)  -> (artifact id: '44f78448b4db678d2ec83c86c10bcce1') in 0.373849 seconds
  Import took 0.532726 seconds .

========================================================================
Received Import Request.
  Time since last request: 52.264307 seconds.
  path: Assets/Resources/Prefabs/Locations/Hotel/Current version/Reception.prefab
  artifactKey: Guid(e393a2398a0ac4e4da2abf65c1bf6d6d) Importer(815301076,1909f56bfc062723c751e8b465ee728b)
Start importing Assets/Resources/Prefabs/Locations/Hotel/Current version/Reception.prefab using Guid(e393a2398a0ac4e4da2abf65c1bf6d6d) Importer(815301076,1909f56bfc062723c751e8b465ee728b)  -> (artifact id: 'c167f63ade87f6483a9ef6253be11e27') in 0.800357 seconds
  Import took 0.806559 seconds .

========================================================================
Received Import Request.
  Time since last request: 0.000152 seconds.
  path: Assets/Resources/Prefabs/Locations/Hotel/Current version/Reception.prefab
  artifactKey: Guid(e393a2398a0ac4e4da2abf65c1bf6d6d) Importer(815301076,1909f56bfc062723c751e8b465ee728b)
Start importing Assets/Resources/Prefabs/Locations/Hotel/Current version/Reception.prefab using Guid(e393a2398a0ac4e4da2abf65c1bf6d6d) Importer(815301076,1909f56bfc062723c751e8b465ee728b)  -> (artifact id: '3c02834d53b8a0fb73e1900ec1ef5d1a') in 0.094885 seconds
  Import took 0.099730 seconds .

========================================================================
Received Import Request.
  Time since last request: 1.616490 seconds.
  path: Assets/Resources/Prefabs/Locations/Hotel/Current version/Reception.prefab
  artifactKey: Guid(e393a2398a0ac4e4da2abf65c1bf6d6d) Importer(815301076,1909f56bfc062723c751e8b465ee728b)
Start importing Assets/Resources/Prefabs/Locations/Hotel/Current version/Reception.prefab using Guid(e393a2398a0ac4e4da2abf65c1bf6d6d) Importer(815301076,1909f56bfc062723c751e8b465ee728b)  -> (artifact id: 'f7c0d65983e65fe877f84987f4a64f87') in 0.051523 seconds
  Import took 0.066805 seconds .

========================================================================
Received Import Request.
  Time since last request: 2.363846 seconds.
  path: Assets/Resources/Prefabs/Locations/Hotel/Current version/Reception.prefab
  artifactKey: Guid(e393a2398a0ac4e4da2abf65c1bf6d6d) Importer(815301076,1909f56bfc062723c751e8b465ee728b)
Start importing Assets/Resources/Prefabs/Locations/Hotel/Current version/Reception.prefab using Guid(e393a2398a0ac4e4da2abf65c1bf6d6d) Importer(815301076,1909f56bfc062723c751e8b465ee728b)  -> (artifact id: 'd3b0a46b063388390259d75ae97af03d') in 0.045360 seconds
  Import took 0.051362 seconds .

========================================================================
Received Import Request.
  Time since last request: 1.618894 seconds.
  path: Assets/Resources/Prefabs/Locations/Hotel/Current version/Reception.prefab
  artifactKey: Guid(e393a2398a0ac4e4da2abf65c1bf6d6d) Importer(815301076,1909f56bfc062723c751e8b465ee728b)
Start importing Assets/Resources/Prefabs/Locations/Hotel/Current version/Reception.prefab using Guid(e393a2398a0ac4e4da2abf65c1bf6d6d) Importer(815301076,1909f56bfc062723c751e8b465ee728b)  -> (artifact id: '5964afc77b2ee1fb379ed2f34f40fa8e') in 0.046204 seconds
  Import took 0.051544 seconds .

========================================================================
Received Import Request.
  Time since last request: 0.498485 seconds.
  path: Assets/Resources/Prefabs/Locations/Hotel/Current version/Reception.prefab
  artifactKey: Guid(e393a2398a0ac4e4da2abf65c1bf6d6d) Importer(815301076,1909f56bfc062723c751e8b465ee728b)
Start importing Assets/Resources/Prefabs/Locations/Hotel/Current version/Reception.prefab using Guid(e393a2398a0ac4e4da2abf65c1bf6d6d) Importer(815301076,1909f56bfc062723c751e8b465ee728b)  -> (artifact id: '23901153b2d10899bdbbf9c4e160ffc4') in 0.056372 seconds
  Import took 0.061467 seconds .

========================================================================
Received Import Request.
  Time since last request: 0.137156 seconds.
  path: Assets/Resources/Prefabs/Locations/Hotel/Current version/Reception.prefab
  artifactKey: Guid(e393a2398a0ac4e4da2abf65c1bf6d6d) Importer(815301076,1909f56bfc062723c751e8b465ee728b)
Start importing Assets/Resources/Prefabs/Locations/Hotel/Current version/Reception.prefab using Guid(e393a2398a0ac4e4da2abf65c1bf6d6d) Importer(815301076,1909f56bfc062723c751e8b465ee728b)  -> (artifact id: '0a6d1ff5cd79dbc6417562c5116831b4') in 0.042731 seconds
  Import took 0.048023 seconds .

========================================================================
Received Import Request.
  Time since last request: 0.157537 seconds.
  path: Assets/Resources/Prefabs/Locations/Hotel/Current version/Reception.prefab
  artifactKey: Guid(e393a2398a0ac4e4da2abf65c1bf6d6d) Importer(815301076,1909f56bfc062723c751e8b465ee728b)
Start importing Assets/Resources/Prefabs/Locations/Hotel/Current version/Reception.prefab using Guid(e393a2398a0ac4e4da2abf65c1bf6d6d) Importer(815301076,1909f56bfc062723c751e8b465ee728b)  -> (artifact id: 'ddcf04abbdb56cf54ae4115876de9e71') in 0.049544 seconds
  Import took 0.053981 seconds .

========================================================================
Received Import Request.
  Time since last request: 0.126536 seconds.
  path: Assets/Resources/Prefabs/Locations/Hotel/Current version/Reception.prefab
  artifactKey: Guid(e393a2398a0ac4e4da2abf65c1bf6d6d) Importer(815301076,1909f56bfc062723c751e8b465ee728b)
Start importing Assets/Resources/Prefabs/Locations/Hotel/Current version/Reception.prefab using Guid(e393a2398a0ac4e4da2abf65c1bf6d6d) Importer(815301076,1909f56bfc062723c751e8b465ee728b)  -> (artifact id: '82948b99defe2e777e566d6a772e5c02') in 0.050220 seconds
  Import took 0.073116 seconds .
=======
Unloading 1398 Unused Serialized files (Serialized files now loaded: 0)
System memory in use before: 67.9 MB.
System memory in use after: 68.0 MB.

Unloading 9 unused Assets to reduce memory usage. Loaded Objects now: 1865.
Total: 3.917600 ms (FindLiveObjects: 0.342900 ms CreateObjectMapping: 0.098000 ms MarkObjects: 3.182900 ms  DeleteObjects: 0.283500 ms)
>>>>>>> Stashed changes

========================================================================
Received Prepare
Registering precompiled user dll's ...
<<<<<<< Updated upstream
Registered in 0.001302 seconds.
Begin MonoManager ReloadAssembly
Native extension for WindowsStandalone target not found
Refreshing native plugins compatible for Editor in 0.29 ms, found 0 plugins.
Preloading 0 native plugins for Editor in 0.00 ms.
Invoked RoslynAnalysisRunner static constructor.
RoslynAnalysisRunner will not be running.
RoslynAnalysisRunner has terminated.
Mono: successfully reloaded assembly
- Completed reload, in  0.820 seconds
Platform modules already initialized, skipping
Refreshing native plugins compatible for Editor in 0.67 ms, found 0 plugins.
Preloading 0 native plugins for Editor in 0.00 ms.
Unloading 1399 Unused Serialized files (Serialized files now loaded: 0)
System memory in use before: 70.3 MB.
System memory in use after: 70.4 MB.

Unloading 6 unused Assets to reduce memory usage. Loaded Objects now: 1886.
Total: 1.563100 ms (FindLiveObjects: 0.165500 ms CreateObjectMapping: 0.053800 ms MarkObjects: 1.329900 ms  DeleteObjects: 0.013000 ms)

========================================================================
Received Prepare
Registering precompiled user dll's ...
Registered in 0.001232 seconds.
=======
Registered in 0.009046 seconds.
>>>>>>> Stashed changes
Begin MonoManager ReloadAssembly
Native extension for WindowsStandalone target not found
Refreshing native plugins compatible for Editor in 0.34 ms, found 0 plugins.
Preloading 0 native plugins for Editor in 0.00 ms.
Invoked RoslynAnalysisRunner static constructor.
RoslynAnalysisRunner will not be running.
RoslynAnalysisRunner has terminated.
Mono: successfully reloaded assembly
<<<<<<< Updated upstream
- Completed reload, in  0.643 seconds
=======
- Completed reload, in  2.658 seconds
>>>>>>> Stashed changes
Platform modules already initialized, skipping
Refreshing native plugins compatible for Editor in 0.55 ms, found 0 plugins.
Preloading 0 native plugins for Editor in 0.00 ms.
<<<<<<< Updated upstream
Unloading 1399 Unused Serialized files (Serialized files now loaded: 0)
System memory in use before: 69.6 MB.
System memory in use after: 69.7 MB.

Unloading 6 unused Assets to reduce memory usage. Loaded Objects now: 1888.
Total: 1.317000 ms (FindLiveObjects: 0.162600 ms CreateObjectMapping: 0.048300 ms MarkObjects: 1.094400 ms  DeleteObjects: 0.010800 ms)

========================================================================
Received Prepare
Registering precompiled user dll's ...
Registered in 0.001110 seconds.
Begin MonoManager ReloadAssembly
Native extension for WindowsStandalone target not found
Refreshing native plugins compatible for Editor in 0.27 ms, found 0 plugins.
Preloading 0 native plugins for Editor in 0.00 ms.
Invoked RoslynAnalysisRunner static constructor.
RoslynAnalysisRunner will not be running.
RoslynAnalysisRunner has terminated.
Mono: successfully reloaded assembly
- Completed reload, in  0.616 seconds
Platform modules already initialized, skipping
Refreshing native plugins compatible for Editor in 0.26 ms, found 0 plugins.
Preloading 0 native plugins for Editor in 0.00 ms.
Unloading 1399 Unused Serialized files (Serialized files now loaded: 0)
System memory in use before: 69.7 MB.
System memory in use after: 69.8 MB.

Unloading 6 unused Assets to reduce memory usage. Loaded Objects now: 1890.
Total: 1.384200 ms (FindLiveObjects: 0.158400 ms CreateObjectMapping: 0.054700 ms MarkObjects: 1.157500 ms  DeleteObjects: 0.012600 ms)

========================================================================
Received Prepare
Registering precompiled user dll's ...
Registered in 0.001283 seconds.
Begin MonoManager ReloadAssembly
Native extension for WindowsStandalone target not found
Refreshing native plugins compatible for Editor in 0.23 ms, found 0 plugins.
Preloading 0 native plugins for Editor in 0.00 ms.
Invoked RoslynAnalysisRunner static constructor.
RoslynAnalysisRunner will not be running.
RoslynAnalysisRunner has terminated.
Mono: successfully reloaded assembly
- Completed reload, in  0.709 seconds
Platform modules already initialized, skipping
Refreshing native plugins compatible for Editor in 0.25 ms, found 0 plugins.
Preloading 0 native plugins for Editor in 0.00 ms.
Unloading 1399 Unused Serialized files (Serialized files now loaded: 0)
System memory in use before: 69.9 MB.
System memory in use after: 70.0 MB.

Unloading 6 unused Assets to reduce memory usage. Loaded Objects now: 1892.
Total: 1.576900 ms (FindLiveObjects: 0.178000 ms CreateObjectMapping: 0.062500 ms MarkObjects: 1.324400 ms  DeleteObjects: 0.011300 ms)

========================================================================
Received Import Request.
  Time since last request: 929.864288 seconds.
  path: Assets/Resources/Prefabs/Locations/Hotel/Current version/Reception.prefab
  artifactKey: Guid(e393a2398a0ac4e4da2abf65c1bf6d6d) Importer(815301076,1909f56bfc062723c751e8b465ee728b)
Start importing Assets/Resources/Prefabs/Locations/Hotel/Current version/Reception.prefab using Guid(e393a2398a0ac4e4da2abf65c1bf6d6d) Importer(815301076,1909f56bfc062723c751e8b465ee728b)  -> (artifact id: '673197cbaef288d1504ae20c97b0d2f2') in 0.134815 seconds
  Import took 0.150992 seconds .

========================================================================
Received Import Request.
  Time since last request: 3.422373 seconds.
  path: Assets/Resources/Prefabs/Locations/Hotel/Current version/Reception.prefab
  artifactKey: Guid(e393a2398a0ac4e4da2abf65c1bf6d6d) Importer(815301076,1909f56bfc062723c751e8b465ee728b)
Start importing Assets/Resources/Prefabs/Locations/Hotel/Current version/Reception.prefab using Guid(e393a2398a0ac4e4da2abf65c1bf6d6d) Importer(815301076,1909f56bfc062723c751e8b465ee728b)  -> (artifact id: '43da5d38d4b52b3ebe1937b5ebaa85ba') in 0.052032 seconds
  Import took 0.056659 seconds .

========================================================================
Received Import Request.
  Time since last request: 24.887654 seconds.
  path: Assets/Resources/Prefabs/Locations/Hotel/Current version/Reception.prefab
  artifactKey: Guid(e393a2398a0ac4e4da2abf65c1bf6d6d) Importer(815301076,1909f56bfc062723c751e8b465ee728b)
Start importing Assets/Resources/Prefabs/Locations/Hotel/Current version/Reception.prefab using Guid(e393a2398a0ac4e4da2abf65c1bf6d6d) Importer(815301076,1909f56bfc062723c751e8b465ee728b)  -> (artifact id: '8cc1ad96f6bb07eeeacba3d3f0ba9a9d') in 0.050375 seconds
  Import took 0.056176 seconds .

========================================================================
Received Prepare
Registering precompiled user dll's ...
Registered in 0.001124 seconds.
Begin MonoManager ReloadAssembly
Native extension for WindowsStandalone target not found
Refreshing native plugins compatible for Editor in 0.22 ms, found 0 plugins.
Preloading 0 native plugins for Editor in 0.00 ms.
Invoked RoslynAnalysisRunner static constructor.
RoslynAnalysisRunner will not be running.
RoslynAnalysisRunner has terminated.
Mono: successfully reloaded assembly
- Completed reload, in  0.683 seconds
Platform modules already initialized, skipping
Refreshing native plugins compatible for Editor in 0.25 ms, found 0 plugins.
Preloading 0 native plugins for Editor in 0.00 ms.
Unloading 1399 Unused Serialized files (Serialized files now loaded: 0)
System memory in use before: 70.1 MB.
System memory in use after: 70.2 MB.

Unloading 6 unused Assets to reduce memory usage. Loaded Objects now: 1895.
Total: 1.353700 ms (FindLiveObjects: 0.148500 ms CreateObjectMapping: 0.045200 ms MarkObjects: 1.147700 ms  DeleteObjects: 0.011500 ms)
=======
Unloading 1398 Unused Serialized files (Serialized files now loaded: 0)
System memory in use before: 68.1 MB.
System memory in use after: 68.2 MB.

Unloading 6 unused Assets to reduce memory usage. Loaded Objects now: 1867.
Total: 2.457100 ms (FindLiveObjects: 0.206700 ms CreateObjectMapping: 0.067100 ms MarkObjects: 2.111600 ms  DeleteObjects: 0.069500 ms)
>>>>>>> Stashed changes

